<?xml version="1.0" encoding="UTF-8"?>
<testsuites name="google_ts" time="6.408" tests="1" failures="0" errors="0">
   <testsuite name="google_ts" tests="1" failures="0" errors="0" time="6.408" skipped="0" timestamp="2025-08-04T12:09:58.602Z" hostname="linh.nguyen - localhost" id="Test Suites/google_ts">
      <properties>
         <property name="deviceName" value=""/>
         <property name="devicePlatform"/>
         <property name="logFolder" value="/Users/linh.nguyen/Desktop/LinhNguyenG3/Reports/20250804_190956/google_ts/20250804_190957"/>
         <property name="logFiles" value="/Users/linh.nguyen/Desktop/LinhNguyenG3/Reports/20250804_190956/google_ts/20250804_190957/execution0.log, /Users/linh.nguyen/Desktop/LinhNguyenG3/Reports/20250804_190956/google_ts/20250804_190957/console0.log"/>
         <property name="attachments" value=""/>
         <property name="hostName" value="linh.nguyen - localhost"/>
         <property name="os" value="Mac OS X 64bit"/>
         <property name="katalonVersion" value="10.3.0.0"/>
         <property name="browser" value="Chrome 138.0.7204.184"/>
         <property name="userFullName" value="Linh Nguyen"/>
         <property name="hostAddress" value="127.0.0.1"/>
         <property name="sessionId" value="bfa43296a9d072361d3ed9feb0e5e27e"/>
         <property name="projectName" value="LinhNguyenG3"/>
         <property name="seleniumVersion" value="4.28.1"/>
         <property name="proxyInformation" value="ProxyInformation { proxyOption=NO_PROXY, proxyServerType=HTTP, username=, password=********, proxyServerAddress=, proxyServerPort=0, executionList=&quot;&quot;, isApplyToDesiredCapabilities=true }"/>
         <property name="platform" value="Mac OS X"/>
      </properties>
      <testcase name="Test Cases/google_tc" time="6.272" classname="Test Cases/google_tc" status="PASSED">
         <system-out><![CDATA[04-08-2025T19:09:58 - [TEST_CASE][PASSED] - Test Cases/google_tc: Test Cases/google_tc

04-08-2025T19:09:58 - [TEST_STEP][PASSED] - openBrowser(""): Browser is opened with url: ''

04-08-2025T19:09:58 - [MESSAGE][INFO] - Starting 'Chrome' driver

04-08-2025T19:09:58 - [MESSAGE][INFO] - Action delay is set to 0 milliseconds

04-08-2025T19:10:00 - [MESSAGE][PASSED] - Browser is opened with url: ''

04-08-2025T19:10:00 - [TEST_STEP][PASSED] - navigateToUrl("https://www.google.com/"): Navigate to 'https://www.google.com/' successfully

04-08-2025T19:10:02 - [MESSAGE][PASSED] - Navigate to 'https://www.google.com/' successfully

04-08-2025T19:10:02 - [TEST_STEP][PASSED] - verifyElementVisible(findTestObject("Object Repository/Page_Google/svg_ng nhp_lnXdpd")): Object 'Object Repository/Page_Google/svg_ng nhp_lnXdpd' is visible

04-08-2025T19:10:03 - [MESSAGE][PASSED] - Object 'Object Repository/Page_Google/svg_ng nhp_lnXdpd' is visible

04-08-2025T19:10:03 - [TEST_STEP][PASSED] - setText(findTestObject("Object Repository/Page_Google/textarea_ng nhp_APjFqb"), "abc"): Text 'abc' is set on object 'Object Repository/Page_Google/textarea_ng nhp_APjFqb'

04-08-2025T19:10:04 - [MESSAGE][PASSED] - Text 'abc' is set on object 'Object Repository/Page_Google/textarea_ng nhp_APjFqb'

04-08-2025T19:10:04 - [TEST_STEP][PASSED] - closeBrowser(): Browser is closed

04-08-2025T19:10:05 - [MESSAGE][PASSED] - Browser is closed]]></system-out>
         <system-err><![CDATA[]]></system-err>
      </testcase>
      <system-out><![CDATA[04-08-2025T19:09:58 - [TEST_SUITE][PASSED] - google_ts: null]]></system-out>
      <system-err><![CDATA[]]></system-err>
   </testsuite>
</testsuites>
